[     173ms] [LOG] [Fast Refresh] rebuilding @ http://localhost:3100/_next/static/chunks/1a4f_next_dist_0pfsr9c._.js:2477
[     407ms] [LOG] [Fast Refresh] done in 336ms @ http://localhost:3100/_next/static/chunks/1a4f_next_dist_0pfsr9c._.js:2477
[     515ms] [WARNING] MaxListenersExceededWarning: Possible EventEmitter memory leak detected. 11 close listeners added. Use emitter.setMaxListeners() to increase limit @ chrome-extension://nkbihfbeogaeaoehlefnkodbefgpgknn/scripts/contentscript.js:14082
[     516ms] [WARNING] MaxListenersExceededWarning: Possible EventEmitter memory leak detected. 11 end listeners added. Use emitter.setMaxListeners() to increase limit @ chrome-extension://nkbihfbeogaeaoehlefnkodbefgpgknn/scripts/contentscript.js:14082
[     523ms] [WARNING] ObjectMultiplex - orphaned data for stream "app-init-liveness" @ chrome-extension://nkbihfbeogaeaoehlefnkodbefgpgknn/scripts/contentscript.js:14082
[     523ms] [WARNING] ObjectMultiplex - orphaned data for stream "app-init-liveness" @ chrome-extension://nkbihfbeogaeaoehlefnkodbefgpgknn/scripts/contentscript.js:14082
[     524ms] [WARNING] ObjectMultiplex - orphaned data for stream "background-liveness" @ chrome-extension://nkbihfbeogaeaoehlefnkodbefgpgknn/scripts/contentscript.js:14082
[     524ms] [WARNING] ObjectMultiplex - orphaned data for stream "background-liveness" @ chrome-extension://nkbihfbeogaeaoehlefnkodbefgpgknn/scripts/contentscript.js:14082
[     524ms] [WARNING] ObjectMultiplex - malformed chunk without name "[object Object]" @ chrome-extension://nkbihfbeogaeaoehlefnkodbefgpgknn/scripts/contentscript.js:14082
[     524ms] [WARNING] ObjectMultiplex - malformed chunk without name "[object Object]" @ chrome-extension://nkbihfbeogaeaoehlefnkodbefgpgknn/scripts/contentscript.js:14082
[     684ms] [INFO] %cDownload the React DevTools for a better development experience: https://react.dev/link/react-devtools font-weight:bold @ http://localhost:3100/_next/static/chunks/1a4f_next_dist_0pfsr9c._.js:2477
[     710ms] [LOG] [HMR] connected @ http://localhost:3100/_next/static/chunks/1a4f_next_dist_0pfsr9c._.js:2477
[  108871ms] [WARNING] MaxListenersExceededWarning: Possible EventEmitter memory leak detected. 11 close listeners added. Use emitter.setMaxListeners() to increase limit @ chrome-extension://nkbihfbeogaeaoehlefnkodbefgpgknn/scripts/contentscript.js:14082
[  108871ms] [WARNING] MaxListenersExceededWarning: Possible EventEmitter memory leak detected. 11 end listeners added. Use emitter.setMaxListeners() to increase limit @ chrome-extension://nkbihfbeogaeaoehlefnkodbefgpgknn/scripts/contentscript.js:14082
[  108990ms] [WARNING] ObjectMultiplex - orphaned data for stream "app-init-liveness" @ chrome-extension://nkbihfbeogaeaoehlefnkodbefgpgknn/scripts/contentscript.js:14082
[  108990ms] [WARNING] ObjectMultiplex - orphaned data for stream "app-init-liveness" @ chrome-extension://nkbihfbeogaeaoehlefnkodbefgpgknn/scripts/contentscript.js:14082
[  108990ms] [WARNING] ObjectMultiplex - orphaned data for stream "background-liveness" @ chrome-extension://nkbihfbeogaeaoehlefnkodbefgpgknn/scripts/contentscript.js:14082
[  108990ms] [WARNING] ObjectMultiplex - orphaned data for stream "background-liveness" @ chrome-extension://nkbihfbeogaeaoehlefnkodbefgpgknn/scripts/contentscript.js:14082
[  108991ms] [WARNING] ObjectMultiplex - malformed chunk without name "[object Object]" @ chrome-extension://nkbihfbeogaeaoehlefnkodbefgpgknn/scripts/contentscript.js:14082
[  108991ms] [WARNING] ObjectMultiplex - malformed chunk without name "[object Object]" @ chrome-extension://nkbihfbeogaeaoehlefnkodbefgpgknn/scripts/contentscript.js:14082
[  109011ms] [INFO] %cDownload the React DevTools for a better development experience: https://react.dev/link/react-devtools font-weight:bold @ http://localhost:3100/_next/static/chunks/1a4f_next_dist_0pfsr9c._.js:2477
[  109035ms] [LOG] [HMR] connected @ http://localhost:3100/_next/static/chunks/1a4f_next_dist_0pfsr9c._.js:2477
[  111117ms] [LOG] [Fast Refresh] rebuilding @ http://localhost:3100/_next/static/chunks/1a4f_next_dist_0pfsr9c._.js:2477
[  111321ms] [LOG] [Fast Refresh] done in 305ms @ http://localhost:3100/_next/static/chunks/1a4f_next_dist_0pfsr9c._.js:2477
[  111402ms] [WARNING] MaxListenersExceededWarning: Possible EventEmitter memory leak detected. 11 close listeners added. Use emitter.setMaxListeners() to increase limit @ chrome-extension://nkbihfbeogaeaoehlefnkodbefgpgknn/scripts/contentscript.js:14082
[  111402ms] [WARNING] MaxListenersExceededWarning: Possible EventEmitter memory leak detected. 11 end listeners added. Use emitter.setMaxListeners() to increase limit @ chrome-extension://nkbihfbeogaeaoehlefnkodbefgpgknn/scripts/contentscript.js:14082
[  111409ms] [WARNING] ObjectMultiplex - orphaned data for stream "app-init-liveness" @ chrome-extension://nkbihfbeogaeaoehlefnkodbefgpgknn/scripts/contentscript.js:14082
[  111410ms] [WARNING] ObjectMultiplex - orphaned data for stream "app-init-liveness" @ chrome-extension://nkbihfbeogaeaoehlefnkodbefgpgknn/scripts/contentscript.js:14082
[  111410ms] [WARNING] ObjectMultiplex - orphaned data for stream "background-liveness" @ chrome-extension://nkbihfbeogaeaoehlefnkodbefgpgknn/scripts/contentscript.js:14082
[  111410ms] [WARNING] ObjectMultiplex - orphaned data for stream "background-liveness" @ chrome-extension://nkbihfbeogaeaoehlefnkodbefgpgknn/scripts/contentscript.js:14082
[  111410ms] [WARNING] ObjectMultiplex - malformed chunk without name "[object Object]" @ chrome-extension://nkbihfbeogaeaoehlefnkodbefgpgknn/scripts/contentscript.js:14082
[  111411ms] [WARNING] ObjectMultiplex - malformed chunk without name "[object Object]" @ chrome-extension://nkbihfbeogaeaoehlefnkodbefgpgknn/scripts/contentscript.js:14082
[  111456ms] [INFO] %cDownload the React DevTools for a better development experience: https://react.dev/link/react-devtools font-weight:bold @ http://localhost:3100/_next/static/chunks/1a4f_next_dist_0pfsr9c._.js:2477
[  111468ms] [LOG] [HMR] connected @ http://localhost:3100/_next/static/chunks/1a4f_next_dist_0pfsr9c._.js:2477
[  113520ms] [WARNING] MaxListenersExceededWarning: Possible EventEmitter memory leak detected. 11 close listeners added. Use emitter.setMaxListeners() to increase limit @ chrome-extension://nkbihfbeogaeaoehlefnkodbefgpgknn/scripts/contentscript.js:14082
[  113520ms] [WARNING] MaxListenersExceededWarning: Possible EventEmitter memory leak detected. 11 end listeners added. Use emitter.setMaxListeners() to increase limit @ chrome-extension://nkbihfbeogaeaoehlefnkodbefgpgknn/scripts/contentscript.js:14082
[  113528ms] [WARNING] ObjectMultiplex - orphaned data for stream "app-init-liveness" @ chrome-extension://nkbihfbeogaeaoehlefnkodbefgpgknn/scripts/contentscript.js:14082
[  113529ms] [WARNING] ObjectMultiplex - orphaned data for stream "app-init-liveness" @ chrome-extension://nkbihfbeogaeaoehlefnkodbefgpgknn/scripts/contentscript.js:14082
[  113529ms] [WARNING] ObjectMultiplex - orphaned data for stream "background-liveness" @ chrome-extension://nkbihfbeogaeaoehlefnkodbefgpgknn/scripts/contentscript.js:14082
[  113529ms] [WARNING] ObjectMultiplex - orphaned data for stream "background-liveness" @ chrome-extension://nkbihfbeogaeaoehlefnkodbefgpgknn/scripts/contentscript.js:14082
[  113530ms] [WARNING] ObjectMultiplex - malformed chunk without name "[object Object]" @ chrome-extension://nkbihfbeogaeaoehlefnkodbefgpgknn/scripts/contentscript.js:14082
[  113530ms] [WARNING] ObjectMultiplex - malformed chunk without name "[object Object]" @ chrome-extension://nkbihfbeogaeaoehlefnkodbefgpgknn/scripts/contentscript.js:14082
[  113566ms] [INFO] %cDownload the React DevTools for a better development experience: https://react.dev/link/react-devtools font-weight:bold @ http://localhost:3100/_next/static/chunks/1a4f_next_dist_0pfsr9c._.js:2477
[  113594ms] [LOG] [HMR] connected @ http://localhost:3100/_next/static/chunks/1a4f_next_dist_0pfsr9c._.js:2477
[  116415ms] [LOG] [Fast Refresh] rebuilding @ http://localhost:3100/_next/static/chunks/1a4f_next_dist_0pfsr9c._.js:2477
[  116551ms] [LOG] [Fast Refresh] done in 237ms @ http://localhost:3100/_next/static/chunks/1a4f_next_dist_0pfsr9c._.js:2477
[  116619ms] [WARNING] MaxListenersExceededWarning: Possible EventEmitter memory leak detected. 11 close listeners added. Use emitter.setMaxListeners() to increase limit @ chrome-extension://nkbihfbeogaeaoehlefnkodbefgpgknn/scripts/contentscript.js:14082
[  116620ms] [WARNING] MaxListenersExceededWarning: Possible EventEmitter memory leak detected. 11 end listeners added. Use emitter.setMaxListeners() to increase limit @ chrome-extension://nkbihfbeogaeaoehlefnkodbefgpgknn/scripts/contentscript.js:14082
[  116628ms] [WARNING] ObjectMultiplex - orphaned data for stream "app-init-liveness" @ chrome-extension://nkbihfbeogaeaoehlefnkodbefgpgknn/scripts/contentscript.js:14082
[  116628ms] [WARNING] ObjectMultiplex - orphaned data for stream "app-init-liveness" @ chrome-extension://nkbihfbeogaeaoehlefnkodbefgpgknn/scripts/contentscript.js:14082
[  116628ms] [WARNING] ObjectMultiplex - orphaned data for stream "background-liveness" @ chrome-extension://nkbihfbeogaeaoehlefnkodbefgpgknn/scripts/contentscript.js:14082
[  116628ms] [WARNING] ObjectMultiplex - orphaned data for stream "background-liveness" @ chrome-extension://nkbihfbeogaeaoehlefnkodbefgpgknn/scripts/contentscript.js:14082
[  116629ms] [WARNING] ObjectMultiplex - malformed chunk without name "[object Object]" @ chrome-extension://nkbihfbeogaeaoehlefnkodbefgpgknn/scripts/contentscript.js:14082
[  116629ms] [WARNING] ObjectMultiplex - malformed chunk without name "[object Object]" @ chrome-extension://nkbihfbeogaeaoehlefnkodbefgpgknn/scripts/contentscript.js:14082
[  116671ms] [INFO] %cDownload the React DevTools for a better development experience: https://react.dev/link/react-devtools font-weight:bold @ http://localhost:3100/_next/static/chunks/1a4f_next_dist_0pfsr9c._.js:2477
[  116683ms] [LOG] [HMR] connected @ http://localhost:3100/_next/static/chunks/1a4f_next_dist_0pfsr9c._.js:2477
[  119577ms] [LOG] [Fast Refresh] rebuilding @ http://localhost:3100/_next/static/chunks/1a4f_next_dist_0pfsr9c._.js:2477
[  119706ms] [LOG] [Fast Refresh] done in 230ms @ http://localhost:3100/_next/static/chunks/1a4f_next_dist_0pfsr9c._.js:2477
[  119777ms] [WARNING] MaxListenersExceededWarning: Possible EventEmitter memory leak detected. 11 close listeners added. Use emitter.setMaxListeners() to increase limit @ chrome-extension://nkbihfbeogaeaoehlefnkodbefgpgknn/scripts/contentscript.js:14082
[  119778ms] [WARNING] MaxListenersExceededWarning: Possible EventEmitter memory leak detected. 11 end listeners added. Use emitter.setMaxListeners() to increase limit @ chrome-extension://nkbihfbeogaeaoehlefnkodbefgpgknn/scripts/contentscript.js:14082
[  119785ms] [WARNING] ObjectMultiplex - orphaned data for stream "app-init-liveness" @ chrome-extension://nkbihfbeogaeaoehlefnkodbefgpgknn/scripts/contentscript.js:14082
[  119786ms] [WARNING] ObjectMultiplex - orphaned data for stream "app-init-liveness" @ chrome-extension://nkbihfbeogaeaoehlefnkodbefgpgknn/scripts/contentscript.js:14082
[  119786ms] [WARNING] ObjectMultiplex - orphaned data for stream "background-liveness" @ chrome-extension://nkbihfbeogaeaoehlefnkodbefgpgknn/scripts/contentscript.js:14082
[  119786ms] [WARNING] ObjectMultiplex - orphaned data for stream "background-liveness" @ chrome-extension://nkbihfbeogaeaoehlefnkodbefgpgknn/scripts/contentscript.js:14082
[  119786ms] [WARNING] ObjectMultiplex - malformed chunk without name "[object Object]" @ chrome-extension://nkbihfbeogaeaoehlefnkodbefgpgknn/scripts/contentscript.js:14082
[  119787ms] [WARNING] ObjectMultiplex - malformed chunk without name "[object Object]" @ chrome-extension://nkbihfbeogaeaoehlefnkodbefgpgknn/scripts/contentscript.js:14082
[  119843ms] [INFO] %cDownload the React DevTools for a better development experience: https://react.dev/link/react-devtools font-weight:bold @ http://localhost:3100/_next/static/chunks/1a4f_next_dist_0pfsr9c._.js:2477
[  119855ms] [LOG] [HMR] connected @ http://localhost:3100/_next/static/chunks/1a4f_next_dist_0pfsr9c._.js:2477
[  121813ms] [LOG] [Fast Refresh] rebuilding @ http://localhost:3100/_next/static/chunks/1a4f_next_dist_0pfsr9c._.js:2477
[  121952ms] [LOG] [Fast Refresh] done in 240ms @ http://localhost:3100/_next/static/chunks/1a4f_next_dist_0pfsr9c._.js:2477
[  122025ms] [WARNING] MaxListenersExceededWarning: Possible EventEmitter memory leak detected. 11 close listeners added. Use emitter.setMaxListeners() to increase limit @ chrome-extension://nkbihfbeogaeaoehlefnkodbefgpgknn/scripts/contentscript.js:14082
[  122026ms] [WARNING] MaxListenersExceededWarning: Possible EventEmitter memory leak detected. 11 end listeners added. Use emitter.setMaxListeners() to increase limit @ chrome-extension://nkbihfbeogaeaoehlefnkodbefgpgknn/scripts/contentscript.js:14082
[  122033ms] [WARNING] ObjectMultiplex - orphaned data for stream "app-init-liveness" @ chrome-extension://nkbihfbeogaeaoehlefnkodbefgpgknn/scripts/contentscript.js:14082
[  122033ms] [WARNING] ObjectMultiplex - orphaned data for stream "app-init-liveness" @ chrome-extension://nkbihfbeogaeaoehlefnkodbefgpgknn/scripts/contentscript.js:14082
[  122034ms] [WARNING] ObjectMultiplex - orphaned data for stream "background-liveness" @ chrome-extension://nkbihfbeogaeaoehlefnkodbefgpgknn/scripts/contentscript.js:14082
[  122034ms] [WARNING] ObjectMultiplex - orphaned data for stream "background-liveness" @ chrome-extension://nkbihfbeogaeaoehlefnkodbefgpgknn/scripts/contentscript.js:14082
[  122034ms] [WARNING] ObjectMultiplex - malformed chunk without name "[object Object]" @ chrome-extension://nkbihfbeogaeaoehlefnkodbefgpgknn/scripts/contentscript.js:14082
[  122034ms] [WARNING] ObjectMultiplex - malformed chunk without name "[object Object]" @ chrome-extension://nkbihfbeogaeaoehlefnkodbefgpgknn/scripts/contentscript.js:14082
[  122069ms] [INFO] %cDownload the React DevTools for a better development experience: https://react.dev/link/react-devtools font-weight:bold @ http://localhost:3100/_next/static/chunks/1a4f_next_dist_0pfsr9c._.js:2477
[  122081ms] [LOG] [HMR] connected @ http://localhost:3100/_next/static/chunks/1a4f_next_dist_0pfsr9c._.js:2477
